2017-05-21 20:00:18,271 INFO [7] Environment - NHibernate 4.1.1.GA (assembly 4.1.0.4000)
2017-05-21 20:00:18,288 INFO [7] Environment - hibernate-configuration section not found in application configuration file
2017-05-21 20:00:18,294 INFO [7] Environment - Bytecode provider name : lcg
2017-05-21 20:00:18,301 INFO [7] Environment - Using reflection optimizer
2017-05-21 20:00:18,351 INFO [7] Configuration - Mapping file: C:\Users\Telwaki\Downloads\Nowy folder skompresowany (zip)\ConsoleApplication1\WebApplication1\Models\Person.hbm.xml
2017-05-21 20:00:18,920 INFO [7] Dialect - Using dialect: NHibernate.Dialect.MsSql2012Dialect
2017-05-21 20:00:18,975 INFO [7] Binder - Mapping class: NHibernateMVC.Models.Person -> Person
2017-05-21 20:00:19,036 INFO [7] Configuration - checking mappings queue
2017-05-21 20:00:19,041 INFO [7] Configuration - processing one-to-many association mappings
2017-05-21 20:00:19,045 INFO [7] Configuration - processing one-to-one association property references
2017-05-21 20:00:19,050 INFO [7] Configuration - processing foreign key constraints
2017-05-21 20:00:19,056 INFO [7] Configuration - processing filters (second pass)
2017-05-21 20:00:19,074 INFO [7] Dialect - Using dialect: NHibernate.Dialect.MsSql2012Dialect
2017-05-21 20:00:19,099 INFO [7] Dialect - Using dialect: NHibernate.Dialect.MsSql2012Dialect
2017-05-21 20:00:19,147 INFO [7] SQLExceptionConverterFactory - Using dialect defined converter
2017-05-21 20:00:19,152 INFO [7] SettingsFactory - Generate SQL with comments: disabled
2017-05-21 20:00:19,161 INFO [7] ConnectionProviderFactory - Initializing connection provider: NHibernate.Connection.DriverConnectionProvider
2017-05-21 20:00:19,167 INFO [7] ConnectionProvider - Configuring ConnectionProvider
2017-05-21 20:00:19,186 INFO [7] SettingsFactory - Transaction factory: NHibernate.Transaction.AdoNetWithDistributedTransactionFactory
2017-05-21 20:00:19,192 INFO [7] SettingsFactory - Optimize cache for minimal puts: False
2017-05-21 20:00:19,197 INFO [7] SettingsFactory - Connection release mode: auto
2017-05-21 20:00:19,201 INFO [7] SettingsFactory - Default batch fetch size: 1
2017-05-21 20:00:19,206 INFO [7] SettingsFactory - Statistics: disabled
2017-05-21 20:00:19,211 INFO [7] SettingsFactory - Deleted entity synthetic identifier rollback: disabled
2017-05-21 20:00:19,217 INFO [7] SettingsFactory - Query translator: NHibernate.Hql.Ast.ANTLR.ASTQueryTranslatorFactory
2017-05-21 20:00:19,222 INFO [7] SettingsFactory - Query provider: NHibernate.Linq.DefaultQueryProvider
2017-05-21 20:00:19,231 INFO [7] SettingsFactory - Query language substitutions: {'true'='1', 'false'='0', 'yes'=''Y'', 'no'=''N''}
2017-05-21 20:00:19,237 INFO [7] SettingsFactory - cache provider: NHibernate.Cache.NoCacheProvider, NHibernate, Version=4.1.0.4000, Culture=neutral, PublicKeyToken=aa95f207798dfdb4
2017-05-21 20:00:19,242 INFO [7] SettingsFactory - Order SQL inserts for batching: enabled
2017-05-21 20:00:19,249 INFO [7] SettingsFactory - Order SQL updates for batching: disabled
2017-05-21 20:00:19,256 INFO [7] SettingsFactory - Batcher factory: NHibernate.AdoNet.SqlClientBatchingBatcherFactory, NHibernate, Version=4.1.0.4000, Culture=neutral, PublicKeyToken=aa95f207798dfdb4
2017-05-21 20:00:19,262 INFO [7] SettingsFactory - Default flush mode: Auto
2017-05-21 20:00:19,267 INFO [7] SettingsFactory - Default entity-mode: Poco
2017-05-21 20:00:19,271 INFO [7] SettingsFactory - Named query checking : enabled
2017-05-21 20:00:19,276 INFO [7] SettingsFactory - Ignoring exceptions in BeforeTransactionCompletion : disabled
2017-05-21 20:00:19,296 INFO [7] SessionFactoryImpl - building session factory
2017-05-21 20:00:24,080 INFO [7] SessionFactoryObjectFactory - no name configured
2017-05-21 20:00:24,605 INFO [7] Loader - select person0_.id as id1_0_, person0_.FirstName as FirstN2_0_, person0_.LastName as LastNa3_0_, person0_.Age as Age4_0_ from Person person0_
2017-05-21 20:00:47,882 INFO [8] Configuration - Mapping file: C:\Users\Telwaki\Downloads\Nowy folder skompresowany (zip)\ConsoleApplication1\WebApplication1\Models\Person.hbm.xml
2017-05-21 20:00:47,888 INFO [8] Dialect - Using dialect: NHibernate.Dialect.MsSql2012Dialect
2017-05-21 20:00:47,895 INFO [8] Binder - Mapping class: NHibernateMVC.Models.Person -> Person
2017-05-21 20:00:47,900 INFO [8] Configuration - checking mappings queue
2017-05-21 20:00:47,905 INFO [8] Configuration - processing one-to-many association mappings
2017-05-21 20:00:47,910 INFO [8] Configuration - processing one-to-one association property references
2017-05-21 20:00:47,915 INFO [8] Configuration - processing foreign key constraints
2017-05-21 20:00:47,920 INFO [8] Configuration - processing filters (second pass)
2017-05-21 20:00:47,925 INFO [8] Dialect - Using dialect: NHibernate.Dialect.MsSql2012Dialect
2017-05-21 20:00:47,930 INFO [8] Dialect - Using dialect: NHibernate.Dialect.MsSql2012Dialect
2017-05-21 20:00:47,936 INFO [8] SQLExceptionConverterFactory - Using dialect defined converter
2017-05-21 20:00:47,940 INFO [8] SettingsFactory - Generate SQL with comments: disabled
2017-05-21 20:00:47,945 INFO [8] ConnectionProviderFactory - Initializing connection provider: NHibernate.Connection.DriverConnectionProvider
2017-05-21 20:00:47,950 INFO [8] ConnectionProvider - Configuring ConnectionProvider
2017-05-21 20:00:47,955 INFO [8] SettingsFactory - Transaction factory: NHibernate.Transaction.AdoNetWithDistributedTransactionFactory
2017-05-21 20:00:47,960 INFO [8] SettingsFactory - Optimize cache for minimal puts: False
2017-05-21 20:00:47,965 INFO [8] SettingsFactory - Connection release mode: auto
2017-05-21 20:00:47,970 INFO [8] SettingsFactory - Default batch fetch size: 1
2017-05-21 20:00:47,975 INFO [8] SettingsFactory - Statistics: disabled
2017-05-21 20:00:47,980 INFO [8] SettingsFactory - Deleted entity synthetic identifier rollback: disabled
2017-05-21 20:00:47,985 INFO [8] SettingsFactory - Query translator: NHibernate.Hql.Ast.ANTLR.ASTQueryTranslatorFactory
2017-05-21 20:00:47,990 INFO [8] SettingsFactory - Query provider: NHibernate.Linq.DefaultQueryProvider
2017-05-21 20:00:47,995 INFO [8] SettingsFactory - Query language substitutions: {'true'='1', 'false'='0', 'yes'=''Y'', 'no'=''N''}
2017-05-21 20:00:48,002 INFO [8] SettingsFactory - cache provider: NHibernate.Cache.NoCacheProvider, NHibernate, Version=4.1.0.4000, Culture=neutral, PublicKeyToken=aa95f207798dfdb4
2017-05-21 20:00:48,010 INFO [8] SettingsFactory - Order SQL inserts for batching: enabled
2017-05-21 20:00:48,018 INFO [8] SettingsFactory - Order SQL updates for batching: disabled
2017-05-21 20:00:48,023 INFO [8] SettingsFactory - Batcher factory: NHibernate.AdoNet.SqlClientBatchingBatcherFactory, NHibernate, Version=4.1.0.4000, Culture=neutral, PublicKeyToken=aa95f207798dfdb4
2017-05-21 20:00:48,030 INFO [8] SettingsFactory - Default flush mode: Auto
2017-05-21 20:00:48,037 INFO [8] SettingsFactory - Default entity-mode: Poco
2017-05-21 20:00:48,042 INFO [8] SettingsFactory - Named query checking : enabled
2017-05-21 20:00:48,044 INFO [8] SettingsFactory - Ignoring exceptions in BeforeTransactionCompletion : disabled
2017-05-21 20:00:48,053 INFO [8] SessionFactoryImpl - building session factory
2017-05-21 20:00:48,060 INFO [8] SessionFactoryObjectFactory - no name configured
2017-05-21 20:00:50,486 INFO [7] Configuration - Mapping file: C:\Users\Telwaki\Downloads\Nowy folder skompresowany (zip)\ConsoleApplication1\WebApplication1\Models\Person.hbm.xml
2017-05-21 20:00:50,498 INFO [7] Dialect - Using dialect: NHibernate.Dialect.MsSql2012Dialect
2017-05-21 20:00:50,505 INFO [7] Binder - Mapping class: NHibernateMVC.Models.Person -> Person
2017-05-21 20:00:50,510 INFO [7] Configuration - checking mappings queue
2017-05-21 20:00:50,515 INFO [7] Configuration - processing one-to-many association mappings
2017-05-21 20:00:50,521 INFO [7] Configuration - processing one-to-one association property references
2017-05-21 20:00:50,526 INFO [7] Configuration - processing foreign key constraints
2017-05-21 20:00:50,532 INFO [7] Configuration - processing filters (second pass)
2017-05-21 20:00:50,537 INFO [7] Dialect - Using dialect: NHibernate.Dialect.MsSql2012Dialect
2017-05-21 20:00:50,542 INFO [7] Dialect - Using dialect: NHibernate.Dialect.MsSql2012Dialect
2017-05-21 20:00:50,548 INFO [7] SQLExceptionConverterFactory - Using dialect defined converter
2017-05-21 20:00:50,553 INFO [7] SettingsFactory - Generate SQL with comments: disabled
2017-05-21 20:00:50,558 INFO [7] ConnectionProviderFactory - Initializing connection provider: NHibernate.Connection.DriverConnectionProvider
2017-05-21 20:00:50,563 INFO [7] ConnectionProvider - Configuring ConnectionProvider
2017-05-21 20:00:50,568 INFO [7] SettingsFactory - Transaction factory: NHibernate.Transaction.AdoNetWithDistributedTransactionFactory
2017-05-21 20:00:50,573 INFO [7] SettingsFactory - Optimize cache for minimal puts: False
2017-05-21 20:00:50,578 INFO [7] SettingsFactory - Connection release mode: auto
2017-05-21 20:00:50,583 INFO [7] SettingsFactory - Default batch fetch size: 1
2017-05-21 20:00:50,588 INFO [7] SettingsFactory - Statistics: disabled
2017-05-21 20:00:50,594 INFO [7] SettingsFactory - Deleted entity synthetic identifier rollback: disabled
2017-05-21 20:00:50,599 INFO [7] SettingsFactory - Query translator: NHibernate.Hql.Ast.ANTLR.ASTQueryTranslatorFactory
2017-05-21 20:00:50,604 INFO [7] SettingsFactory - Query provider: NHibernate.Linq.DefaultQueryProvider
2017-05-21 20:00:50,609 INFO [7] SettingsFactory - Query language substitutions: {'true'='1', 'false'='0', 'yes'=''Y'', 'no'=''N''}
2017-05-21 20:00:50,614 INFO [7] SettingsFactory - cache provider: NHibernate.Cache.NoCacheProvider, NHibernate, Version=4.1.0.4000, Culture=neutral, PublicKeyToken=aa95f207798dfdb4
2017-05-21 20:00:50,620 INFO [7] SettingsFactory - Order SQL inserts for batching: enabled
2017-05-21 20:00:50,625 INFO [7] SettingsFactory - Order SQL updates for batching: disabled
2017-05-21 20:00:50,631 INFO [7] SettingsFactory - Batcher factory: NHibernate.AdoNet.SqlClientBatchingBatcherFactory, NHibernate, Version=4.1.0.4000, Culture=neutral, PublicKeyToken=aa95f207798dfdb4
2017-05-21 20:00:50,637 INFO [7] SettingsFactory - Default flush mode: Auto
2017-05-21 20:00:50,643 INFO [7] SettingsFactory - Default entity-mode: Poco
2017-05-21 20:00:50,650 INFO [7] SettingsFactory - Named query checking : enabled
2017-05-21 20:00:50,661 INFO [7] SettingsFactory - Ignoring exceptions in BeforeTransactionCompletion : disabled
2017-05-21 20:00:50,666 INFO [7] SessionFactoryImpl - building session factory
2017-05-21 20:00:50,672 INFO [7] SessionFactoryObjectFactory - no name configured
2017-05-21 20:00:50,679 INFO [7] Loader - select person0_.id as id1_2_, person0_.FirstName as FirstN2_2_, person0_.LastName as LastNa3_2_, person0_.Age as Age4_2_ from Person person0_
